producer_class	xtools.gsea.GseaPreranked
producer_timestamp	1680148985575
param	rnd_seed	timestamp
param	rpt_label	VTPControlPreranked
param	set_min	15
param	chip	ftp.broadinstitute.org://pub/gsea/msigdb/human/annotations/Human_HGNC_ID_MSigDB.v2023.1.Hs.chip
param	zip_report	false
param	create_svgs	false
param	scoring_scheme	weighted
param	rnk	F:\Jielin_Yang\Data\vtp_ctrl.rnk
param	norm	meandiv
param	out	F:\Jielin_Yang\Data
param	mode	Abs_max_of_probes
param	include_only_symbols	true
param	help	false
param	set_max	200
param	gmx	F:\BaderLabGenesets\March_2023\Human_GOBP_AllPathways_no_GO_iea_March_02_2023_symbol.gmt
param	make_sets	true
param	plot_top_x	20
param	gui	false
param	nperm	1000
param	collapse	No_Collapse

file	F:\Jielin_Yang\Data\VTPControlPreranked.GseaPreranked.1680148985575\index.html
