producer_class	xtools.gsea.GseaPreranked
producer_timestamp	1680318768172
param	rpt_label	VTPControl
param	rnd_seed	12345
param	set_min	15
param	zip_report	false
param	create_svgs	false
param	scoring_scheme	weighted
param	rnk	/home/rstudio/projects/Jielin_Yang/./Data/vtp_ctrl.rnk
param	norm	meandiv
param	out	/home/rstudio/projects/Jielin_Yang/./Data/VTPControl
param	mode	Max_probe
param	include_only_symbols	true
param	help	false
param	set_max	200
param	gmx	./Data/Human_GOBP_AllPathways_no_GO_iea_March_02_2023_symbol.gmt
param	make_sets	true
param	plot_top_x	20
param	gui	false
param	nperm	1000
param	collapse	No_Collapse

file	./Data/VTPControl/VTPControl.GseaPreranked.1680318768172/index.html
